Compiling the C compiler identification source file "CMakeCCompilerId.c" failed.
Compiler: /home/lu/opt/gcc-arm-none-eabi-9-2020-q2-update/bin/arm-none-eabi-gcc 
Build flags: 
Id flags:  

The output was:
126
/home/lu/opt/gcc-arm-none-eabi-9-2020-q2-update/bin/arm-none-eabi-gcc: /home/lu/opt/gcc-arm-none-eabi-9-2020-q2-update/bin/arm-none-eabi-gcc: cannot execute binary file


Compiling the C compiler identification source file "CMakeCCompilerId.c" failed.
Compiler: /home/lu/opt/gcc-arm-none-eabi-9-2020-q2-update/bin/arm-none-eabi-gcc 
Build flags: 
Id flags: -c 

The output was:
126
/home/lu/opt/gcc-arm-none-eabi-9-2020-q2-update/bin/arm-none-eabi-gcc: /home/lu/opt/gcc-arm-none-eabi-9-2020-q2-update/bin/arm-none-eabi-gcc: cannot execute binary file


Compiling the C compiler identification source file "CMakeCCompilerId.c" failed.
Compiler: /home/lu/opt/gcc-arm-none-eabi-9-2020-q2-update/bin/arm-none-eabi-gcc 
Build flags: 
Id flags: -Aa 

The output was:
126
/home/lu/opt/gcc-arm-none-eabi-9-2020-q2-update/bin/arm-none-eabi-gcc: /home/lu/opt/gcc-arm-none-eabi-9-2020-q2-update/bin/arm-none-eabi-gcc: cannot execute binary file


Compiling the C compiler identification source file "CMakeCCompilerId.c" failed.
Compiler: /home/lu/opt/gcc-arm-none-eabi-9-2020-q2-update/bin/arm-none-eabi-gcc 
Build flags: 
Id flags: -D__CLASSIC_C__ 

The output was:
126
/home/lu/opt/gcc-arm-none-eabi-9-2020-q2-update/bin/arm-none-eabi-gcc: /home/lu/opt/gcc-arm-none-eabi-9-2020-q2-update/bin/arm-none-eabi-gcc: cannot execute binary file


Compiling the C compiler identification source file "CMakeCCompilerId.c" failed.
Compiler: /home/lu/opt/gcc-arm-none-eabi-9-2020-q2-update/bin/arm-none-eabi-gcc 
Build flags: 
Id flags: --target=arm-arm-none-eabi;-mcpu=cortex-m3 

The output was:
126
/home/lu/opt/gcc-arm-none-eabi-9-2020-q2-update/bin/arm-none-eabi-gcc: /home/lu/opt/gcc-arm-none-eabi-9-2020-q2-update/bin/arm-none-eabi-gcc: cannot execute binary file


Compiling the C compiler identification source file "CMakeCCompilerId.c" failed.
Compiler: /home/lu/opt/gcc-arm-none-eabi-9-2020-q2-update/bin/arm-none-eabi-gcc 
Build flags: 
Id flags:  

The output was:
126
/home/lu/opt/gcc-arm-none-eabi-9-2020-q2-update/bin/arm-none-eabi-gcc: /home/lu/opt/gcc-arm-none-eabi-9-2020-q2-update/bin/arm-none-eabi-gcc: cannot execute binary file


Compiling the C compiler identification source file "CMakeCCompilerId.c" failed.
Compiler: /home/lu/opt/gcc-arm-none-eabi-9-2020-q2-update/bin/arm-none-eabi-gcc 
Build flags: 
Id flags: -c 

The output was:
126
/home/lu/opt/gcc-arm-none-eabi-9-2020-q2-update/bin/arm-none-eabi-gcc: /home/lu/opt/gcc-arm-none-eabi-9-2020-q2-update/bin/arm-none-eabi-gcc: cannot execute binary file


Compiling the C compiler identification source file "CMakeCCompilerId.c" failed.
Compiler: /home/lu/opt/gcc-arm-none-eabi-9-2020-q2-update/bin/arm-none-eabi-gcc 
Build flags: 
Id flags: -Aa 

The output was:
126
/home/lu/opt/gcc-arm-none-eabi-9-2020-q2-update/bin/arm-none-eabi-gcc: /home/lu/opt/gcc-arm-none-eabi-9-2020-q2-update/bin/arm-none-eabi-gcc: cannot execute binary file


Compiling the C compiler identification source file "CMakeCCompilerId.c" failed.
Compiler: /home/lu/opt/gcc-arm-none-eabi-9-2020-q2-update/bin/arm-none-eabi-gcc 
Build flags: 
Id flags: -D__CLASSIC_C__ 

The output was:
126
/home/lu/opt/gcc-arm-none-eabi-9-2020-q2-update/bin/arm-none-eabi-gcc: /home/lu/opt/gcc-arm-none-eabi-9-2020-q2-update/bin/arm-none-eabi-gcc: cannot execute binary file


Compiling the C compiler identification source file "CMakeCCompilerId.c" failed.
Compiler: /home/lu/opt/gcc-arm-none-eabi-9-2020-q2-update/bin/arm-none-eabi-gcc 
Build flags: 
Id flags: --target=arm-arm-none-eabi;-mcpu=cortex-m3 

The output was:
126
/home/lu/opt/gcc-arm-none-eabi-9-2020-q2-update/bin/arm-none-eabi-gcc: /home/lu/opt/gcc-arm-none-eabi-9-2020-q2-update/bin/arm-none-eabi-gcc: cannot execute binary file


Checking whether the C compiler is IAR using "" did not match "IAR .+ Compiler":
/home/lu/opt/gcc-arm-none-eabi-9-2020-q2-update/bin/arm-none-eabi-gcc: /home/lu/opt/gcc-arm-none-eabi-9-2020-q2-update/bin/arm-none-eabi-gcc: cannot execute binary file
Checking whether the C compiler is IAR using "" did not match "IAR .+ Compiler":
/home/lu/opt/gcc-arm-none-eabi-9-2020-q2-update/bin/arm-none-eabi-gcc: /home/lu/opt/gcc-arm-none-eabi-9-2020-q2-update/bin/arm-none-eabi-gcc: cannot execute binary file
Determining if the C compiler works failed with the following output:
Change Dir: /home/lu/Projects/STM32CubeExpansion_Cloud_AZURE_V1.2.1/Projects/B-L475E-IOT01A/Applications/Cloud/Azure/cmake-build-debug/CMakeFiles/CMakeTmp

Run Build Command(s):/usr/bin/make cmTC_d49c7/fast && /usr/bin/make  -f CMakeFiles/cmTC_d49c7.dir/build.make CMakeFiles/cmTC_d49c7.dir/build
make[1]: Entering directory '/home/lu/Projects/STM32CubeExpansion_Cloud_AZURE_V1.2.1/Projects/B-L475E-IOT01A/Applications/Cloud/Azure/cmake-build-debug/CMakeFiles/CMakeTmp'
Building C object CMakeFiles/cmTC_d49c7.dir/testCCompiler.c.o
/home/lu/opt/gcc-arm-none-eabi-9-2020-q2-update/bin/arm-none-eabi-gcc    -o CMakeFiles/cmTC_d49c7.dir/testCCompiler.c.o   -c /home/lu/Projects/STM32CubeExpansion_Cloud_AZURE_V1.2.1/Projects/B-L475E-IOT01A/Applications/Cloud/Azure/cmake-build-debug/CMakeFiles/CMakeTmp/testCCompiler.c
/home/lu/opt/gcc-arm-none-eabi-9-2020-q2-update/bin/arm-none-eabi-gcc: /home/lu/opt/gcc-arm-none-eabi-9-2020-q2-update/bin/arm-none-eabi-gcc: cannot execute binary file
make[1]: *** [CMakeFiles/cmTC_d49c7.dir/build.make:86: CMakeFiles/cmTC_d49c7.dir/testCCompiler.c.o] Error 126
make[1]: Leaving directory '/home/lu/Projects/STM32CubeExpansion_Cloud_AZURE_V1.2.1/Projects/B-L475E-IOT01A/Applications/Cloud/Azure/cmake-build-debug/CMakeFiles/CMakeTmp'
make: *** [Makefile:141: cmTC_d49c7/fast] Error 2



